Day7-8/Week 4/aad-3-assignment-3/app/build/intermediates/manifest_merge_blame_file/debug/manifest-merger-blame-debug-report.txt
1<?xml version="1.0" encoding="utf-8"?>
2<manifest xmlns:android="http://schemas.android.com/apk/res/android"
3    package="vandy.mooc.aad_3_assignment_3"
4    android:versionCode="1"
5    android:versionName="1.0" >
6
7    <uses-sdk
8        android:minSdkVersion="23"
8-->src\main\AndroidManifest.xml
9        android:targetSdkVersion="30" />
9-->src\main\AndroidManifest.xml
10
11    <!-- Required for fetching feed data. -->
12    <uses-permission android:name="android.permission.INTERNET" />
12-->src\main\AndroidManifest.xml:7:5-66
12-->src\main\AndroidManifest.xml:7:22-64
13
14    <application
14-->src\main\AndroidManifest.xml:9:5-44:19
15        android:allowBackup="true"
15-->src\main\AndroidManifest.xml:10:9-35
16        android:appComponentFactory="androidx.core.app.CoreComponentFactory"
16-->[androidx.core:core:1.1.0] AndroidManifest.xml:24:18-86
17        android:debuggable="true"
18        android:extractNativeLibs="false"
19        android:fullBackupContent="@xml/my_backup_rules"
19-->src\main\AndroidManifest.xml:11:9-57
20        android:icon="@mipmap/ic_launcher"
20-->src\main\AndroidManifest.xml:12:9-43
21        android:label="@string/app_name"
21-->src\main\AndroidManifest.xml:13:9-41
22        android:supportsRtl="true"
22-->src\main\AndroidManifest.xml:14:9-35
23        android:testOnly="true"
24        android:theme="@style/AppTheme" >
24-->src\main\AndroidManifest.xml:15:9-40
25
26        <!-- Main activity, responsible for showing a list of feed entries. -->
27        <activity
27-->src\main\AndroidManifest.xml:19:9-26:20
28            android:name="edu.vandy.mooc.aad3.assignment.activities.MainActivity"
28-->src\main\AndroidManifest.xml:20:13-82
29            android:label="@string/app_name" >
29-->src\main\AndroidManifest.xml:21:13-45
30            <intent-filter>
30-->src\main\AndroidManifest.xml:22:13-25:29
31                <action android:name="android.intent.action.MAIN" />
31-->src\main\AndroidManifest.xml:23:17-68
31-->src\main\AndroidManifest.xml:23:25-66
32
33                <category android:name="android.intent.category.LAUNCHER" />
33-->src\main\AndroidManifest.xml:24:17-76
33-->src\main\AndroidManifest.xml:24:27-74
34            </intent-filter>
35        </activity>
36
37        <!--
38        ContentProvider to store feed data.
39
40        Since this ContentProvider is not exported,
41         it will not be accessible outside of this app's package.
42
43         Note: The authority doesn't have to match the application's packages.
44        -->
45        <provider
45-->src\main\AndroidManifest.xml:36:9-39:39
46            android:name="edu.vandy.mooc.aad3.assignment.providers.FeedProvider"
46-->src\main\AndroidManifest.xml:37:13-81
47            android:authorities="edu.vanderbilt.mooc.atom_reader.provider"
47-->src\main\AndroidManifest.xml:38:13-75
48            android:exported="false" />
48-->src\main\AndroidManifest.xml:39:13-37
49
50        <!-- This is the service that downloads the feed data from YouTube. -->
51        <service android:name="edu.vandy.mooc.aad3.assignment.services.DownloadAtomFeedService" />
51-->src\main\AndroidManifest.xml:42:9-98
51-->src\main\AndroidManifest.xml:42:18-96
52    </application>
53
54</manifest>